[26-Feb-2019 00:49:12 UTC] PHP Parse error:  syntax error, unexpected 'echo' (T_ECHO) in /home/ubuntu/workspace/Examples/intro_PHP/radom.php on line 14
[26-Feb-2019 00:49:33 UTC] PHP Parse error:  syntax error, unexpected 'echo' (T_ECHO) in /home/ubuntu/workspace/Examples/intro_PHP/radom.php on line 14
[05-Apr-2019 21:38:46 UTC] PHP Fatal error:  Uncaught exception 'PDOException' with message 'SQLSTATE[HY000] [1045] Access denied for user 'jahenderson'@'localhost' (using password: NO)' in /home/ubuntu/workspace/Examples/log_in_out_php/login.php:34
Stack trace:
#0 /home/ubuntu/workspace/Examples/log_in_out_php/login.php(34): PDO->__construct('mysql:host=127....', 'jahenderson', '')
#1 {main}
  thrown in /home/ubuntu/workspace/Examples/log_in_out_php/login.php on line 34
[05-Apr-2019 21:39:51 UTC] PHP Fatal error:  Uncaught exception 'PDOException' with message 'SQLSTATE[HY000] [1045] Access denied for user 'jahenderson'@'localhost' (using password: NO)' in /home/ubuntu/workspace/Examples/log_in_out_php/login.php:34
Stack trace:
#0 /home/ubuntu/workspace/Examples/log_in_out_php/login.php(34): PDO->__construct('mysql:host=127....', 'jahenderson', '')
#1 {main}
  thrown in /home/ubuntu/workspace/Examples/log_in_out_php/login.php on line 34
[15-Apr-2019 23:32:12 UTC] PHP Catchable fatal error:  Object of class stdClass could not be converted to string in /home/ubuntu/workspace/Examples/intro_CURL/pixabay.php on line 18
[15-Apr-2019 23:32:12 UTC] PHP Stack trace:
[15-Apr-2019 23:32:12 UTC] PHP   1. {main}() /home/ubuntu/workspace/Examples/intro_CURL/pixabay.php:0
[15-Apr-2019 23:35:48 UTC] PHP Fatal error:  Function name must be a string in /home/ubuntu/workspace/Examples/intro_CURL/pixabay.php on line 16
[15-Apr-2019 23:35:48 UTC] PHP Stack trace:
[15-Apr-2019 23:35:48 UTC] PHP   1. {main}() /home/ubuntu/workspace/Examples/intro_CURL/pixabay.php:0
[15-Apr-2019 23:37:50 UTC] PHP Fatal error:  Function name must be a string in /home/ubuntu/workspace/Examples/intro_CURL/pixabay.php on line 16
[15-Apr-2019 23:37:50 UTC] PHP Stack trace:
[15-Apr-2019 23:37:50 UTC] PHP   1. {main}() /home/ubuntu/workspace/Examples/intro_CURL/pixabay.php:0
[15-Apr-2019 23:38:32 UTC] PHP Catchable fatal error:  Object of class stdClass could not be converted to string in /home/ubuntu/workspace/Examples/intro_CURL/pixabay.php on line 19
[15-Apr-2019 23:38:32 UTC] PHP Stack trace:
[15-Apr-2019 23:38:32 UTC] PHP   1. {main}() /home/ubuntu/workspace/Examples/intro_CURL/pixabay.php:0
[15-Apr-2019 23:39:04 UTC] PHP Catchable fatal error:  Object of class stdClass could not be converted to string in /home/ubuntu/workspace/Examples/intro_CURL/pixabay.php on line 19
[15-Apr-2019 23:39:04 UTC] PHP Stack trace:
[15-Apr-2019 23:39:04 UTC] PHP   1. {main}() /home/ubuntu/workspace/Examples/intro_CURL/pixabay.php:0
